This is pdfTeX, Version 3.14159265-2.6-1.40.18 (MiKTeX 2.9.6300 64-bit) (preloaded format=pdflatex 2017.5.24)  17 SEP 2017 17:59
entering extended mode
**./Spionagefaelle.tex
(Spionagefaelle.tex
LaTeX2e <2017-04-15>
Babel <3.10> and hyphenation patterns for 76 language(s) loaded.
! Undefined control sequence.
l.3 \pgfkeys
            {%
? 
! Emergency stop.
l.3 \pgfkeys
            {%
End of file on the terminal!

 
Here is how much of TeX's memory you used:
 6 strings out of 493319
 122 string characters out of 3138915
 53676 words of memory out of 3000000
 3646 multiletter control sequences out of 15000+200000
 3640 words of font info for 14 fonts, out of 3000000 for 9000
 1141 hyphenation exceptions out of 8191
 5i,0n,1p,37b,8s stack positions out of 5000i,500n,10000p,200000b,50000s
!  ==> Fatal error occurred, no output PDF file produced!
